STAR version=2.7.11b
STAR compilation time,server,dir=2024-03-19T08:38:59+0000 :/opt/conda/conda-bld/star_1710837244939/work/source
##### Command Line:
/home/sebastien/miniforge3/envs/reprohackathon/bin/STAR-avx2 --genomeDir genome_dir --readFilesIn /home/sebastien/Bureau/reprohackathon-jobim2024/workflow/cli/data/reads/SRR6357070_1.fastq.gz /home/sebastien/Bureau/reprohackathon-jobim2024/workflow/cli/data/reads/SRR6357070_2.fastq.gz --runThreadN 8 --readFilesCommand zcat --outFilterType BySJout --alignSJoverhangMin 8 --alignSJDBoverhangMin 1 --outFilterMismatchNmax 999 --outSAMtype BAM SortedByCoordinate --outSAMattrRGline ID:/home/sebastien/Bureau/reprohackathon-jobim2024/workflow/cli/data/reads/SRR6357070 LB:library PL:illumina PU:machine SM:GM12878
##### Initial USER parameters from Command Line:
###### All USER parameters from Command Line:
genomeDir                     genome_dir     ~RE-DEFINED
readFilesIn                   /home/sebastien/Bureau/reprohackathon-jobim2024/workflow/cli/data/reads/SRR6357070_1.fastq.gz   /home/sebastien/Bureau/reprohackathon-jobim2024/workflow/cli/data/reads/SRR6357070_2.fastq.gz        ~RE-DEFINED
runThreadN                    8     ~RE-DEFINED
readFilesCommand              zcat        ~RE-DEFINED
outFilterType                 BySJout     ~RE-DEFINED
alignSJoverhangMin            8     ~RE-DEFINED
alignSJDBoverhangMin          1     ~RE-DEFINED
outFilterMismatchNmax         999     ~RE-DEFINED
outSAMtype                    BAM   SortedByCoordinate        ~RE-DEFINED
outSAMattrRGline              ID:/home/sebastien/Bureau/reprohackathon-jobim2024/workflow/cli/data/reads/SRR6357070   LB:library   PL:illumina   PU:machine   SM:GM12878        ~RE-DEFINED
##### Finished reading parameters from all sources

##### Final user re-defined parameters-----------------:
runThreadN                        8
genomeDir                         genome_dir
readFilesIn                       /home/sebastien/Bureau/reprohackathon-jobim2024/workflow/cli/data/reads/SRR6357070_1.fastq.gz   /home/sebastien/Bureau/reprohackathon-jobim2024/workflow/cli/data/reads/SRR6357070_2.fastq.gz   
readFilesCommand                  zcat   
outSAMtype                        BAM   SortedByCoordinate   
outSAMattrRGline                  ID:/home/sebastien/Bureau/reprohackathon-jobim2024/workflow/cli/data/reads/SRR6357070   LB:library   PL:illumina   PU:machine   SM:GM12878   
outFilterType                     BySJout
outFilterMismatchNmax             999
alignSJoverhangMin                8
alignSJDBoverhangMin              1

-------------------------------
##### Final effective command line:
/home/sebastien/miniforge3/envs/reprohackathon/bin/STAR-avx2   --runThreadN 8   --genomeDir genome_dir   --readFilesIn /home/sebastien/Bureau/reprohackathon-jobim2024/workflow/cli/data/reads/SRR6357070_1.fastq.gz   /home/sebastien/Bureau/reprohackathon-jobim2024/workflow/cli/data/reads/SRR6357070_2.fastq.gz      --readFilesCommand zcat      --outSAMtype BAM   SortedByCoordinate      --outSAMattrRGline ID:/home/sebastien/Bureau/reprohackathon-jobim2024/workflow/cli/data/reads/SRR6357070   LB:library   PL:illumina   PU:machine   SM:GM12878      --outFilterType BySJout   --outFilterMismatchNmax 999   --alignSJoverhangMin 8   --alignSJDBoverhangMin 1
----------------------------------------

Number of fastq files for each mate = 1

   Input read files for mate 1 :
!!!!! WARNING:  Could not ls /home/sebastien/Bureau/reprohackathon-jobim2024/workflow/cli/data/reads/SRR6357070_1.fastq.gz
ls: impossible d'accéder à '/home/sebastien/Bureau/reprohackathon-jobim2024/workflow/cli/data/reads/SRR6357070_1.fastq.gz': Aucun fichier ou dossier de ce nom

EXITING: because of fatal INPUT file error: could not open read file: /home/sebastien/Bureau/reprohackathon-jobim2024/workflow/cli/data/reads/SRR6357070_1.fastq.gz
SOLUTION: check that this file exists and has read permision.

Jun 01 11:04:12 ...... FATAL ERROR, exiting
