Building DAG of jobs...
Using shell: /usr/bin/bash
Provided cores: 8
Rules claiming more threads will be scaled down.
Job stats:
job      count
-----  -------
align        4
all          1
total        5

Select jobs to execute...

[Sun Apr 28 17:57:11 2024]
rule align:
    input: /home/sebastien/Bureau/toy_examples/index/yeast.1.bt2, /home/sebastien/Bureau/toy_examples/reads/SRR4238379_subsamp.fastq.gz
    output: /home/sebastien/Bureau/toy_examples/alignments/SRR4238379.sam
    jobid: 5
    reason: Missing output files: /home/sebastien/Bureau/toy_examples/alignments/SRR4238379.sam
    wildcards: sample=SRR4238379
    threads: 8
    resources: tmpdir=/tmp

[Sun Apr 28 17:57:11 2024]
Finished job 5.
1 of 5 steps (20%) done
Select jobs to execute...

[Sun Apr 28 17:57:11 2024]
rule align:
    input: /home/sebastien/Bureau/toy_examples/index/yeast.1.bt2, /home/sebastien/Bureau/toy_examples/reads/SRR4238359_subsamp.fastq.gz
    output: /home/sebastien/Bureau/toy_examples/alignments/SRR4238359.sam
    jobid: 4
    reason: Missing output files: /home/sebastien/Bureau/toy_examples/alignments/SRR4238359.sam
    wildcards: sample=SRR4238359
    threads: 8
    resources: tmpdir=/tmp

[Sun Apr 28 17:57:11 2024]
Finished job 4.
2 of 5 steps (40%) done
Select jobs to execute...

[Sun Apr 28 17:57:11 2024]
rule align:
    input: /home/sebastien/Bureau/toy_examples/index/yeast.1.bt2, /home/sebastien/Bureau/toy_examples/reads/SRR4238351_subsamp.fastq.gz
    output: /home/sebastien/Bureau/toy_examples/alignments/SRR4238351.sam
    jobid: 2
    reason: Missing output files: /home/sebastien/Bureau/toy_examples/alignments/SRR4238351.sam
    wildcards: sample=SRR4238351
    threads: 8
    resources: tmpdir=/tmp

[Sun Apr 28 17:57:11 2024]
Finished job 2.
3 of 5 steps (60%) done
Select jobs to execute...

[Sun Apr 28 17:57:11 2024]
rule align:
    input: /home/sebastien/Bureau/toy_examples/index/yeast.1.bt2, /home/sebastien/Bureau/toy_examples/reads/SRR4238355_subsamp.fastq.gz
    output: /home/sebastien/Bureau/toy_examples/alignments/SRR4238355.sam
    jobid: 3
    reason: Missing output files: /home/sebastien/Bureau/toy_examples/alignments/SRR4238355.sam
    wildcards: sample=SRR4238355
    threads: 8
    resources: tmpdir=/tmp

[Sun Apr 28 17:57:11 2024]
Finished job 3.
4 of 5 steps (80%) done
Select jobs to execute...

[Sun Apr 28 17:57:11 2024]
localrule all:
    input: /home/sebastien/Bureau/toy_examples/index/yeast.1.bt2, /home/sebastien/Bureau/toy_examples/alignments/SRR4238351.sam, /home/sebastien/Bureau/toy_examples/alignments/SRR4238355.sam, /home/sebastien/Bureau/toy_examples/alignments/SRR4238359.sam, /home/sebastien/Bureau/toy_examples/alignments/SRR4238379.sam
    jobid: 0
    reason: Input files updated by another job: /home/sebastien/Bureau/toy_examples/alignments/SRR4238351.sam, /home/sebastien/Bureau/toy_examples/alignments/SRR4238359.sam, /home/sebastien/Bureau/toy_examples/alignments/SRR4238379.sam, /home/sebastien/Bureau/toy_examples/alignments/SRR4238355.sam
    resources: tmpdir=/tmp

[Sun Apr 28 17:57:11 2024]
Finished job 0.
5 of 5 steps (100%) done
Complete log: .snakemake/log/2024-04-28T175710.890029.snakemake.log
