Building DAG of jobs...
Using shell: /usr/bin/bash
Provided cores: 8
Rules claiming more threads will be scaled down.
Job stats:
job      count
-----  -------
align        1
all          1
total        2

Select jobs to execute...

[Sun Apr 28 17:51:56 2024]
rule align:
    input: /home/sebastien/Bureau/toy_examples/index/yeast.1.bt2, /home/sebastien/Bureau/toy_examples/reads/SRR4238351_subsamp.fastq.gz, /home/sebastien/Bureau/toy_examples/reads/SRR4238355_subsamp.fastq.gz, /home/sebastien/Bureau/toy_examples/reads/SRR4238359_subsamp.fastq.gz, /home/sebastien/Bureau/toy_examples/reads/SRR4238379_subsamp.fastq.gz
    output: /home/sebastien/Bureau/toy_examples/alignments/SRR4238351.sam, /home/sebastien/Bureau/toy_examples/alignments/SRR4238355.sam, /home/sebastien/Bureau/toy_examples/alignments/SRR4238359.sam, /home/sebastien/Bureau/toy_examples/alignments/SRR4238379.sam
    jobid: 2
    reason: Missing output files: /home/sebastien/Bureau/toy_examples/alignments/SRR4238379.sam, /home/sebastien/Bureau/toy_examples/alignments/SRR4238351.sam, /home/sebastien/Bureau/toy_examples/alignments/SRR4238359.sam, /home/sebastien/Bureau/toy_examples/alignments/SRR4238355.sam
    threads: 8
    resources: tmpdir=/tmp

[Sun Apr 28 17:51:56 2024]
Error in rule align:
    jobid: 2
    input: /home/sebastien/Bureau/toy_examples/index/yeast.1.bt2, /home/sebastien/Bureau/toy_examples/reads/SRR4238351_subsamp.fastq.gz, /home/sebastien/Bureau/toy_examples/reads/SRR4238355_subsamp.fastq.gz, /home/sebastien/Bureau/toy_examples/reads/SRR4238359_subsamp.fastq.gz, /home/sebastien/Bureau/toy_examples/reads/SRR4238379_subsamp.fastq.gz
    output: /home/sebastien/Bureau/toy_examples/alignments/SRR4238351.sam, /home/sebastien/Bureau/toy_examples/alignments/SRR4238355.sam, /home/sebastien/Bureau/toy_examples/alignments/SRR4238359.sam, /home/sebastien/Bureau/toy_examples/alignments/SRR4238379.sam
    shell:
        bowtie2 -x /home/sebastien/Bureau/toy_examples/index/yeast -U /home/sebastien/Bureau/toy_examples/reads/SRR4238351_subsamp.fastq.gz /home/sebastien/Bureau/toy_examples/reads/SRR4238355_subsamp.fastq.gz /home/sebastien/Bureau/toy_examples/reads/SRR4238359_subsamp.fastq.gz /home/sebastien/Bureau/toy_examples/reads/SRR4238379_subsamp.fastq.gz -S /home/sebastien/Bureau/toy_examples/alignments/SRR4238351.sam /home/sebastien/Bureau/toy_examples/alignments/SRR4238355.sam /home/sebastien/Bureau/toy_examples/alignments/SRR4238359.sam /home/sebastien/Bureau/toy_examples/alignments/SRR4238379.sam
        (one of the commands exited with non-zero exit code; note that snakemake uses bash strict mode!)

Shutting down, this might take some time.
Exiting because a job execution failed. Look above for error message
Complete log: .snakemake/log/2024-04-28T175156.014407.snakemake.log
