Building DAG of jobs...
Using shell: /usr/bin/bash
Provided cores: 8
Rules claiming more threads will be scaled down.
Job stats:
job      count
-----  -------
align        4
all          1
total        5

Select jobs to execute...

[Sun Apr 28 17:58:35 2024]
Job 5: Aligning reads
Reason: Missing output files: /home/sebastien/Bureau/toy_examples/alignments/SRR4238379.sam

[Sun Apr 28 17:58:35 2024]
Finished job 5.
1 of 5 steps (20%) done
Select jobs to execute...

[Sun Apr 28 17:58:35 2024]
Job 4: Aligning reads
Reason: Missing output files: /home/sebastien/Bureau/toy_examples/alignments/SRR4238359.sam

[Sun Apr 28 17:58:35 2024]
Finished job 4.
2 of 5 steps (40%) done
Select jobs to execute...

[Sun Apr 28 17:58:35 2024]
Job 2: Aligning reads
Reason: Missing output files: /home/sebastien/Bureau/toy_examples/alignments/SRR4238351.sam

[Sun Apr 28 17:58:35 2024]
Finished job 2.
3 of 5 steps (60%) done
Select jobs to execute...

[Sun Apr 28 17:58:35 2024]
Job 3: Aligning reads
Reason: Missing output files: /home/sebastien/Bureau/toy_examples/alignments/SRR4238355.sam

[Sun Apr 28 17:58:35 2024]
Finished job 3.
4 of 5 steps (80%) done
Select jobs to execute...

[Sun Apr 28 17:58:35 2024]
localrule all:
    input: /home/sebastien/Bureau/toy_examples/index/yeast.1.bt2, /home/sebastien/Bureau/toy_examples/alignments/SRR4238351.sam, /home/sebastien/Bureau/toy_examples/alignments/SRR4238355.sam, /home/sebastien/Bureau/toy_examples/alignments/SRR4238359.sam, /home/sebastien/Bureau/toy_examples/alignments/SRR4238379.sam
    jobid: 0
    reason: Input files updated by another job: /home/sebastien/Bureau/toy_examples/alignments/SRR4238351.sam, /home/sebastien/Bureau/toy_examples/alignments/SRR4238379.sam, /home/sebastien/Bureau/toy_examples/alignments/SRR4238359.sam, /home/sebastien/Bureau/toy_examples/alignments/SRR4238355.sam
    resources: tmpdir=/tmp

[Sun Apr 28 17:58:35 2024]
Finished job 0.
5 of 5 steps (100%) done
Complete log: .snakemake/log/2024-04-28T175835.052956.snakemake.log
